<?xml version="1.0" encoding="UTF-8"?>
<!-- Generated by org.testng.reporters.JUnitReportReporter -->
<testsuite skipped="0" hostname="ENH173-PC" name="com.enhancesys.qa.testcases.ProductPageTest" tests="1" failures="0" timestamp="30 Oct 2018 10:32:19 GMT" time="45.693" errors="0">
  <testcase name="createProductTest" time="45.693" classname="com.enhancesys.qa.testcases.ProductPageTest"/>
</testsuite> <!-- com.enhancesys.qa.testcases.ProductPageTest -->
