<?xml version="1.0" encoding="UTF-8"?>
<!-- Generated by org.testng.reporters.JUnitReportReporter -->
<testsuite skipped="0" hostname="ENH173-PC" name="com.enhancesys.qa.testcases.LoginPageTest" tests="1" failures="0" timestamp="16 Oct 2018 11:12:26 GMT" time="14.757" errors="0">
  <testcase name="loginTest" time="14.757" classname="com.enhancesys.qa.testcases.LoginPageTest"/>
</testsuite> <!-- com.enhancesys.qa.testcases.LoginPageTest -->
